<?xml version="1.0" encoding="UTF-8"?>
<!-- Generated by org.testng.reporters.JUnitReportReporter -->
<testsuite hostname="NhuTa-QA" failures="0" tests="1" name="Javabasic.Topic08_Exercise_String" time="0.005" errors="0" timestamp="03 Jul 2023 01:24:58 GMT" skipped="0">
  <testcase classname="Javabasic.Topic08_Exercise_String" name="TC03" time="0.005"/>
</testsuite> <!-- Javabasic.Topic08_Exercise_String -->
