<?xml version="1.0" encoding="UTF-8"?>
<!-- Generated by org.testng.reporters.JUnitReportReporter -->
<testsuite hostname="NhuTa-QA" failures="0" tests="1" name="Javabasic.Topic07_Exercise2_Array" time="0.011" errors="0" timestamp="01 Jul 2023 19:00:13 GMT" skipped="0">
  <testcase classname="Javabasic.Topic07_Exercise2_Array" name="TC6_trungbinhcong" time="0.011"/>
</testsuite> <!-- Javabasic.Topic07_Exercise2_Array -->
