<?xml version="1.0" encoding="UTF-8"?>
<!-- Generated by org.testng.reporters.JUnitReportReporter -->
<testsuite hostname="NhuTa-QA" failures="0" tests="1" name="Javabasic.Topic07_Exercise_Array" time="0.006" errors="0" timestamp="02 Jul 2023 05:10:36 GMT" skipped="0">
  <testcase classname="Javabasic.Topic07_Exercise_Array" name="TC4_tongsolelonhon0" time="0.006"/>
</testsuite> <!-- Javabasic.Topic07_Exercise_Array -->
