<?xml version="1.0" encoding="UTF-8"?>
<!-- Generated by org.testng.reporters.JUnitReportReporter -->
<testsuite hostname="NhuTa-QA" failures="0" tests="1" name="Javabasic.Topic07_Exercise_DoWhile" time="1.926" errors="0" timestamp="18 Jun 2023 07:41:03 GMT" skipped="0">
  <testcase classname="Javabasic.Topic07_Exercise_DoWhile" name="TC_1_for" time="1.926"/>
</testsuite> <!-- Javabasic.Topic07_Exercise_DoWhile -->
