<?xml version="1.0" encoding="UTF-8"?>
<!-- Generated by org.testng.reporters.JUnitReportReporter -->
<testsuite hostname="NhuTa-QA" failures="0" tests="1" name="javademo.Topic41_SeleniumWait" time="1.597" errors="0" timestamp="20 May 2023 03:51:10 GMT" skipped="0">
  <testcase classname="javademo.Topic41_SeleniumWait" name="TC_02_Invisible_Undisplayed_Invisibility_II" time="1.597"/>
</testsuite> <!-- javademo.Topic41_SeleniumWait -->
