<?xml version="1.0" encoding="UTF-8"?>
<!-- Generated by org.testng.reporters.JUnitReportReporter -->
<testsuite hostname="NhuTa-QA" failures="0" tests="1" name="Javabasic.Topic03_Condition_Ifelse" time="0.010" errors="0" timestamp="03 Jun 2023 07:31:37 GMT" skipped="0">
  <testcase classname="Javabasic.Topic03_Condition_Ifelse" name="TC_02_Ifelse" time="0.010"/>
</testsuite> <!-- Javabasic.Topic03_Condition_Ifelse -->
