<?xml version="1.0" encoding="UTF-8"?>
<!-- Generated by org.testng.reporters.JUnitReportReporter -->
<testsuite hostname="NhuTa-QA" failures="0" tests="1" name="javademo.Topic38_Exercise_Javaexecuter" time="40.230" errors="0" timestamp="19 May 2023 07:04:07 GMT" skipped="0">
  <testcase classname="javademo.Topic38_Exercise_Javaexecuter" name="TC_02_validation" time="40.230"/>
</testsuite> <!-- javademo.Topic38_Exercise_Javaexecuter -->
