<?xml version="1.0" encoding="UTF-8"?>
<!-- Generated by org.testng.reporters.JUnitReportReporter -->
<testsuite hostname="NhuTa-QA" failures="0" tests="1" name="javademo.Topic42_FluentWait_Part6" time="1.182" errors="0" timestamp="24 May 2023 07:53:36 GMT" skipped="0">
  <testcase classname="javademo.Topic42_FluentWait_Part6" name="TC_01_Fluent" time="1.182"/>
</testsuite> <!-- javademo.Topic42_FluentWait_Part6 -->
