<?xml version="1.0" encoding="UTF-8"?>
<!-- Generated by org.testng.reporters.JUnitReportReporter -->
<testsuite hostname="NhuTa-QA" failures="0" tests="3" name="TestNG.Topic03_DataProvider" time="10.399" errors="0" timestamp="25 May 2023 10:50:08 GMT" skipped="0">
  <testcase classname="TestNG.Topic03_DataProvider" name="TC_01_LoginToSystem" time="2.676"/>
  <testcase classname="TestNG.Topic03_DataProvider" name="TC_01_LoginToSystem" time="2.541"/>
  <testcase classname="TestNG.Topic03_DataProvider" name="TC_01_LoginToSystem" time="5.182"/>
</testsuite> <!-- TestNG.Topic03_DataProvider -->
