<?xml version="1.0" encoding="UTF-8"?>
<!-- Generated by org.testng.reporters.JUnitReportReporter -->
<testsuite hostname="NhuTa-QA" failures="0" tests="1" name="Javabasic.Topic03_Excercise_Condition_Ifelse" time="1.617" errors="0" timestamp="03 Jun 2023 19:46:37 GMT" skipped="0">
  <testcase classname="Javabasic.Topic03_Excercise_Condition_Ifelse" name="TC_07_verifythang" time="1.617"/>
</testsuite> <!-- Javabasic.Topic03_Excercise_Condition_Ifelse -->
