<?xml version="1.0" encoding="UTF-8"?>
<!-- Generated by org.testng.reporters.JUnitReportReporter -->
<testsuite hostname="NhuTa-QA" failures="0" tests="1" name="javademo.Topic34_Exercise_Popup" time="13.294" errors="0" timestamp="17 May 2023 07:16:15 GMT" skipped="0">
  <testcase classname="javademo.Topic34_Exercise_Popup" name="TC_02_Fixedpopup_InDom" time="13.294"/>
</testsuite> <!-- javademo.Topic34_Exercise_Popup -->
