<?xml version="1.0" encoding="UTF-8"?>
<!-- Generated by org.testng.reporters.JUnitReportReporter -->
<testsuite hostname="NhuTa-QA" failures="0" tests="1" name="javademo.Topic39_Exercise_Uploadfile" time="11.908" errors="0" timestamp="19 May 2023 08:58:24 GMT" skipped="0">
  <testcase classname="javademo.Topic39_Exercise_Uploadfile" name="TC_01_Multiple_Uploadfile" time="11.908"/>
</testsuite> <!-- javademo.Topic39_Exercise_Uploadfile -->
