<?xml version="1.0" encoding="UTF-8"?>
<!-- Generated by org.testng.reporters.JUnitReportReporter -->
<testsuite hostname="NhuTa-QA" failures="0" tests="1" name="javademo.Topic38_Exercise_windowtab" time="29.486" errors="0" timestamp="19 May 2023 03:14:50 GMT" skipped="0">
  <testcase classname="javademo.Topic38_Exercise_windowtab" name="TC_10_WindownTab_Title" time="29.486"/>
</testsuite> <!-- javademo.Topic38_Exercise_windowtab -->
