<?xml version="1.0" encoding="UTF-8"?>
<!-- Generated by org.testng.reporters.JUnitReportReporter -->
<testsuite hostname="NhuTa-QA" failures="0" tests="1" name="javademo.Topic41_ImplicitExplicit_Part5" time="1.174" errors="0" timestamp="24 May 2023 03:33:57 GMT" skipped="0">
  <testcase classname="javademo.Topic41_ImplicitExplicit_Part5" name="TC_05_Element_NotFound_Explicit_Element" time="1.174"/>
</testsuite> <!-- javademo.Topic41_ImplicitExplicit_Part5 -->
