<?xml version="1.0" encoding="UTF-8"?>
<!-- Generated by org.testng.reporters.JUnitReportReporter -->
<testsuite hostname="NhuTa-QA" failures="0" tests="1" name="Javabasic.Topic02_Operator_Exercise" time="0.004" errors="0" timestamp="30 May 2023 08:31:36 GMT" skipped="0">
  <testcase classname="Javabasic.Topic02_Operator_Exercise" name="TC02" time="0.004"/>
</testsuite> <!-- Javabasic.Topic02_Operator_Exercise -->
