<?xml version="1.0" encoding="UTF-8"?>
<!-- Generated by org.testng.reporters.JUnitReportReporter -->
<testsuite hostname="NhuTa-QA" failures="0" tests="1" name="javademo.Topic42_FluentWait_Exercise_Part6" time="12.606" errors="0" timestamp="24 May 2023 08:42:28 GMT" skipped="0">
  <testcase classname="javademo.Topic42_FluentWait_Exercise_Part6" name="TC_02_Fluent" time="12.606"/>
</testsuite> <!-- javademo.Topic42_FluentWait_Exercise_Part6 -->
