<?xml version="1.0" encoding="UTF-8"?>
<!-- Generated by org.testng.reporters.JUnitReportReporter -->
<testsuite hostname="NhuTa-QA" failures="0" tests="1" name="Javabasic.Topic08_String2" time="0.006" errors="0" timestamp="02 Jul 2023 04:01:19 GMT" skipped="0">
  <testcase classname="Javabasic.Topic08_String2" name="TC01" time="0.006"/>
</testsuite> <!-- Javabasic.Topic08_String2 -->
