<?xml version="1.0" encoding="UTF-8"?>
<!-- Generated by org.testng.reporters.JUnitReportReporter -->
<testsuite hostname="NhuTa-QA" failures="0" tests="1" name="javademo.Topic36_Exercise_Popup_dialog" time="26.583" errors="0" timestamp="18 May 2023 04:45:51 GMT" skipped="0">
  <testcase classname="javademo.Topic36_Exercise_Popup_dialog" name="TC_07_Randompopup_notInDom" time="26.583"/>
</testsuite> <!-- javademo.Topic36_Exercise_Popup_dialog -->
