<?xml version="1.0" encoding="UTF-8"?>
<!-- Generated by org.testng.reporters.JUnitReportReporter -->
<testsuite hostname="NhuTa-QA" failures="0" tests="1" name="javademo.Topic30_Exercise_Alert" time="5.540" errors="0" timestamp="15 May 2023 10:55:24 GMT" skipped="0">
  <testcase classname="javademo.Topic30_Exercise_Alert" name="TC_10_AuthenticationAlert_clickpageAtoB" time="5.540"/>
</testsuite> <!-- javademo.Topic30_Exercise_Alert -->
