<?xml version="1.0" encoding="UTF-8"?>
<!-- Generated by org.testng.reporters.JUnitReportReporter -->
<testsuite hostname="NhuTa-QA" failures="0" tests="1" name="Javabasic.Topic07_Exercise_DoWhile2" time="1.064" errors="0" timestamp="18 Jun 2023 19:09:03 GMT" skipped="0">
  <testcase classname="Javabasic.Topic07_Exercise_DoWhile2" name="TC_5_while_giaithua" time="1.064"/>
</testsuite> <!-- Javabasic.Topic07_Exercise_DoWhile2 -->
