<?xml version="1.0" encoding="UTF-8"?>
<!-- Generated by org.testng.reporters.JUnitReportReporter -->
<testsuite hostname="NhuTa-QA" failures="0" tests="1" name="javademo.Topic32_Exercise_interaction2" time="5.012" errors="0" timestamp="16 May 2023 08:15:16 GMT" skipped="0">
  <testcase classname="javademo.Topic32_Exercise_interaction2" name="TC_04_ClickandHole_random" time="5.012"/>
</testsuite> <!-- javademo.Topic32_Exercise_interaction2 -->
