<?xml version="1.0" encoding="UTF-8"?>
<!-- Generated by org.testng.reporters.JUnitReportReporter -->
<testsuite hostname="NhuTa-QA" failures="0" tests="1" name="javademo.Topic43_PageReady_Part7" time="3.525" errors="0" timestamp="25 May 2023 07:31:59 GMT" skipped="0">
  <testcase classname="javademo.Topic43_PageReady_Part7" name="TC_03_Ex11" time="3.525"/>
</testsuite> <!-- javademo.Topic43_PageReady_Part7 -->
