<?xml version="1.0" encoding="UTF-8"?>
<!-- Generated by org.testng.reporters.JUnitReportReporter -->
<testsuite hostname="NhuTa-QA" failures="0" tests="1" name="Javabasic.Topic04_Excercise_Switchcase" time="3.691" errors="0" timestamp="05 Jun 2023 04:51:40 GMT" skipped="0">
  <testcase classname="Javabasic.Topic04_Excercise_Switchcase" name="TC_02_pheptoan" time="3.691"/>
</testsuite> <!-- Javabasic.Topic04_Excercise_Switchcase -->
