<?xml version="1.0" encoding="UTF-8"?>
<!-- Generated by org.testng.reporters.JUnitReportReporter -->
<testsuite hostname="NhuTa-QA" failures="0" tests="1" name="Javabasic.Topic04_Foreach" time="0.004" errors="0" timestamp="08 Jun 2023 04:59:45 GMT" skipped="0">
  <testcase classname="Javabasic.Topic04_Foreach" name="TC_02b_Foreach" time="0.004"/>
</testsuite> <!-- Javabasic.Topic04_Foreach -->
