<?xml version="1.0" encoding="UTF-8"?>
<!-- Generated by org.testng.reporters.JUnitReportReporter -->
<testsuite hostname="NhuTa-QA" failures="0" tests="2" name="Javabasic.Topic02_Datatype_Exercise" time="0.004" errors="0" timestamp="30 May 2023 07:54:32 GMT" skipped="0">
  <testcase classname="Javabasic.Topic02_Datatype_Exercise" name="TC04" time="0.000"/>
  <testcase classname="Javabasic.Topic02_Datatype_Exercise" name="TC03" time="0.004"/>
</testsuite> <!-- Javabasic.Topic02_Datatype_Exercise -->
