<?xml version="1.0" encoding="UTF-8"?>
<!-- Generated by org.testng.reporters.JUnitReportReporter -->
<testsuite hostname="NhuTa-QA" failures="0" tests="1" name="javademo.Topic41_Exercise2_Explicitwait_Part4" time="20.548" errors="0" timestamp="21 May 2023 09:58:44 GMT" skipped="0">
  <testcase classname="javademo.Topic41_Exercise2_Explicitwait_Part4" name="TC_07_Uploadfile" time="20.548"/>
</testsuite> <!-- javademo.Topic41_Exercise2_Explicitwait_Part4 -->
